\BOOKMARK [1][-]{section.1}{\376\377\0001\000\040\004\030\004\065\004\100\004\060\004\100\004\105\004\070\004\107\004\065\004\101\004\072\004\070\004\071\000\040\004\101\004\077\004\070\004\101\004\076\004\072\000\040\004\072\004\073\004\060\004\101\004\101\004\076\004\062}{}% 1
\BOOKMARK [2][-]{subsection.1.1}{\376\377\0001\000.\0001\000\040\004\030\004\065\004\100\004\060\004\100\004\105\004\070\004\117\000\040\004\072\004\073\004\060\004\101\004\101\004\076\004\062}{section.1}% 2
\BOOKMARK [1][-]{section.2}{\376\377\0002\000\040\004\020\004\073\004\104\004\060\004\062\004\070\004\102\004\075\004\113\004\071\000\040\004\103\004\072\004\060\004\067\004\060\004\102\004\065\004\073\004\114\000\040\004\072\004\073\004\060\004\101\004\101\004\076\004\062}{}% 3
\BOOKMARK [2][-]{subsection.2.1}{\376\377\0002\000.\0001\000\040\004\032\004\073\004\060\004\101\004\101\004\113}{section.2}% 4
\BOOKMARK [1][-]{section.3}{\376\377\0003\000\040\004\041\004\077\004\070\004\101\004\076\004\072\000\040\004\104\004\060\004\071\004\073\004\076\004\062}{}% 5
\BOOKMARK [2][-]{subsection.3.1}{\376\377\0003\000.\0001\000\040\004\044\004\060\004\071\004\073\004\113}{section.3}% 6
\BOOKMARK [1][-]{section.4}{\376\377\0004\000\040\004\032\004\073\004\060\004\101\004\101\004\113}{}% 7
\BOOKMARK [2][-]{subsection.4.1}{\376\377\0004\000.\0001\000\040\004\032\004\073\004\060\004\101\004\101\000\040\000A\000u\000t\000h}{section.4}% 8
\BOOKMARK [3][-]{subsubsection.4.1.1}{\376\377\0004\000.\0001\000.\0001\000\040\004\037\004\076\004\064\004\100\004\076\004\061\004\075\004\076\004\065\000\040\004\076\004\077\004\070\004\101\004\060\004\075\004\070\004\065}{subsection.4.1}% 9
\BOOKMARK [3][-]{subsubsection.4.1.2}{\376\377\0004\000.\0001\000.\0002\000\040\004\032\004\076\004\075\004\101\004\102\004\100\004\103\004\072\004\102\004\076\004\100\000\050\004\113\000\051}{subsection.4.1}% 10
\BOOKMARK [3][-]{subsubsection.4.1.3}{\376\377\0004\000.\0001\000.\0003\000\040\004\034\004\065\004\102\004\076\004\064\004\113}{subsection.4.1}% 11
\BOOKMARK [2][-]{subsection.4.2}{\376\377\0004\000.\0002\000\040\004\032\004\073\004\060\004\101\004\101\000\040\000C\000o\000u\000n\000t\000e\000r}{section.4}% 12
\BOOKMARK [3][-]{subsubsection.4.2.1}{\376\377\0004\000.\0002\000.\0001\000\040\004\037\004\076\004\064\004\100\004\076\004\061\004\075\004\076\004\065\000\040\004\076\004\077\004\070\004\101\004\060\004\075\004\070\004\065}{subsection.4.2}% 13
\BOOKMARK [3][-]{subsubsection.4.2.2}{\376\377\0004\000.\0002\000.\0002\000\040\004\034\004\065\004\102\004\076\004\064\004\113}{subsection.4.2}% 14
\BOOKMARK [2][-]{subsection.4.3}{\376\377\0004\000.\0003\000\040\004\032\004\073\004\060\004\101\004\101\000\040\000D\000B}{section.4}% 15
\BOOKMARK [3][-]{subsubsection.4.3.1}{\376\377\0004\000.\0003\000.\0001\000\040\004\037\004\076\004\064\004\100\004\076\004\061\004\075\004\076\004\065\000\040\004\076\004\077\004\070\004\101\004\060\004\075\004\070\004\065}{subsection.4.3}% 16
\BOOKMARK [3][-]{subsubsection.4.3.2}{\376\377\0004\000.\0003\000.\0002\000\040\004\032\004\076\004\075\004\101\004\102\004\100\004\103\004\072\004\102\004\076\004\100\000\050\004\113\000\051}{subsection.4.3}% 17
\BOOKMARK [3][-]{subsubsection.4.3.3}{\376\377\0004\000.\0003\000.\0003\000\040\004\034\004\065\004\102\004\076\004\064\004\113}{subsection.4.3}% 18
\BOOKMARK [2][-]{subsection.4.4}{\376\377\0004\000.\0004\000\040\004\032\004\073\004\060\004\101\004\101\000\040\000E\000r\000r\000o\000r\000T\000r\000a\000c\000k\000e\000r}{section.4}% 19
\BOOKMARK [3][-]{subsubsection.4.4.1}{\376\377\0004\000.\0004\000.\0001\000\040\004\037\004\076\004\064\004\100\004\076\004\061\004\075\004\076\004\065\000\040\004\076\004\077\004\070\004\101\004\060\004\075\004\070\004\065}{subsection.4.4}% 20
\BOOKMARK [3][-]{subsubsection.4.4.2}{\376\377\0004\000.\0004\000.\0002\000\040\004\034\004\065\004\102\004\076\004\064\004\113}{subsection.4.4}% 21
\BOOKMARK [2][-]{subsection.4.5}{\376\377\0004\000.\0005\000\040\004\032\004\073\004\060\004\101\004\101\000\040\000O\000p\000t\000s}{section.4}% 22
\BOOKMARK [3][-]{subsubsection.4.5.1}{\376\377\0004\000.\0005\000.\0001\000\040\004\037\004\076\004\064\004\100\004\076\004\061\004\075\004\076\004\065\000\040\004\076\004\077\004\070\004\101\004\060\004\075\004\070\004\065}{subsection.4.5}% 23
\BOOKMARK [3][-]{subsubsection.4.5.2}{\376\377\0004\000.\0005\000.\0002\000\040\004\032\004\076\004\075\004\101\004\102\004\100\004\103\004\072\004\102\004\076\004\100\000\050\004\113\000\051}{subsection.4.5}% 24
\BOOKMARK [3][-]{subsubsection.4.5.3}{\376\377\0004\000.\0005\000.\0003\000\040\004\034\004\065\004\102\004\076\004\064\004\113}{subsection.4.5}% 25
\BOOKMARK [2][-]{subsection.4.6}{\376\377\0004\000.\0006\000\040\004\032\004\073\004\060\004\101\004\101\000\040\000s\000e\000r\000v\000e\000r\000\137\000e\000r\000r\000o\000r}{section.4}% 26
\BOOKMARK [3][-]{subsubsection.4.6.1}{\376\377\0004\000.\0006\000.\0001\000\040\004\037\004\076\004\064\004\100\004\076\004\061\004\075\004\076\004\065\000\040\004\076\004\077\004\070\004\101\004\060\004\075\004\070\004\065}{subsection.4.6}% 27
\BOOKMARK [3][-]{subsubsection.4.6.2}{\376\377\0004\000.\0006\000.\0002\000\040\004\032\004\076\004\075\004\101\004\102\004\100\004\103\004\072\004\102\004\076\004\100\000\050\004\113\000\051}{subsection.4.6}% 28
\BOOKMARK [2][-]{subsection.4.7}{\376\377\0004\000.\0007\000\040\004\032\004\073\004\060\004\101\004\101\000\040\000W\000e\000b\000M\000a\000n\000a\000g\000e\000r}{section.4}% 29
\BOOKMARK [3][-]{subsubsection.4.7.1}{\376\377\0004\000.\0007\000.\0001\000\040\004\037\004\076\004\064\004\100\004\076\004\061\004\075\004\076\004\065\000\040\004\076\004\077\004\070\004\101\004\060\004\075\004\070\004\065}{subsection.4.7}% 30
\BOOKMARK [3][-]{subsubsection.4.7.2}{\376\377\0004\000.\0007\000.\0002\000\040\004\032\004\076\004\075\004\101\004\102\004\100\004\103\004\072\004\102\004\076\004\100\000\050\004\113\000\051}{subsection.4.7}% 31
\BOOKMARK [3][-]{subsubsection.4.7.3}{\376\377\0004\000.\0007\000.\0003\000\040\004\034\004\065\004\102\004\076\004\064\004\113}{subsection.4.7}% 32
\BOOKMARK [1][-]{section.5}{\376\377\0005\000\040\004\044\004\060\004\071\004\073\004\113}{}% 33
\BOOKMARK [2][-]{subsection.5.1}{\376\377\0005\000.\0001\000\040\004\044\004\060\004\071\004\073\000\040\000A\000u\000t\000h\000.\000h}{section.5}% 34
\BOOKMARK [3][-]{subsubsection.5.1.1}{\376\377\0005\000.\0001\000.\0001\000\040\004\037\004\076\004\064\004\100\004\076\004\061\004\075\004\076\004\065\000\040\004\076\004\077\004\070\004\101\004\060\004\075\004\070\004\065}{subsection.5.1}% 35
\BOOKMARK [1][-]{section*.23}{\376\377\004\037\004\100\004\065\004\064\004\074\004\065\004\102\004\075\004\113\004\071\000\040\004\103\004\072\004\060\004\067\004\060\004\102\004\065\004\073\004\114}{}% 36
